This is pdfTeXk, Version 3.141592-1.40.3 (Web2C 7.5.6) (format=pdflatex 2013.11.29)  8 OCT 2014 11:33
entering extended mode
 %&-line parsing enabled.
**simulation_tutorial.tex
(./simulation_tutorial.tex
LaTeX2e <2005/12/01>
Babel <v3.8h> and hyphenation patterns for english, usenglishmax, dumylang, noh
yphenation, arabic, basque, bulgarian, coptic, welsh, czech, slovak, german, ng
erman, danish, esperanto, spanish, catalan, galician, estonian, farsi, finnish,
 french, greek, monogreek, ancientgreek, croatian, hungarian, interlingua, ibyc
us, indonesian, icelandic, italian, latin, mongolian, dutch, norsk, polish, por
tuguese, pinyin, romanian, russian, slovenian, uppersorbian, serbian, swedish, 
turkish, ukenglish, ukrainian, loaded.
(/usr/share/texmf/tex/latex/base/article.cls
Document Class: article 2005/09/16 v1.4f Standard LaTeX document class
(/usr/share/texmf/tex/latex/base/size11.clo
File: size11.clo 2005/09/16 v1.4f Standard LaTeX file (size option)
)
\c@part=\count79
\c@section=\count80
\c@subsection=\count81
\c@subsubsection=\count82
\c@paragraph=\count83
\c@subparagraph=\count84
\c@figure=\count85
\c@table=\count86
\abovecaptionskip=\skip41
\belowcaptionskip=\skip42
\bibindent=\dimen102
)
(/usr/share/texmf/tex/latex/psnfss/times.sty
Package: times 2005/04/12 PSNFSS-v9.2a (SPQR) 
) (./simulation_tutorial.aux)
\openout1 = `simulation_tutorial.aux'.

LaTeX Font Info:    Checking defaults for OML/cmm/m/it on input line 17.
LaTeX Font Info:    ... okay on input line 17.
LaTeX Font Info:    Checking defaults for T1/cmr/m/n on input line 17.
LaTeX Font Info:    ... okay on input line 17.
LaTeX Font Info:    Checking defaults for OT1/cmr/m/n on input line 17.
LaTeX Font Info:    ... okay on input line 17.
LaTeX Font Info:    Checking defaults for OMS/cmsy/m/n on input line 17.
LaTeX Font Info:    ... okay on input line 17.
LaTeX Font Info:    Checking defaults for OMX/cmex/m/n on input line 17.
LaTeX Font Info:    ... okay on input line 17.
LaTeX Font Info:    Checking defaults for U/cmr/m/n on input line 17.
LaTeX Font Info:    ... okay on input line 17.
LaTeX Font Info:    Try loading font information for OT1+ptm on input line 17.

(/usr/share/texmf/tex/latex/psnfss/ot1ptm.fd
File: ot1ptm.fd 2001/06/04 font definitions for OT1/ptm.
)
LaTeX Font Info:    Font shape `OT1/ptm/bx/n' in size <14.4> not available
(Font)              Font shape `OT1/ptm/b/n' tried instead on input line 20.
LaTeX Font Info:    Try loading font information for OT1+pcr on input line 47.

(/usr/share/texmf/tex/latex/psnfss/ot1pcr.fd
File: ot1pcr.fd 2001/06/04 font definitions for OT1/pcr.
)
Overfull \hbox (29.67822pt too wide) in paragraph at lines 60--64
[]\OT1/pcr/m/n/10 export LM_LICENSE_FILE=/usr/local/modelsim/modeltech/license.
dat:$LM_LICENSE_FILE
 []


Underfull \hbox (badness 10000) in paragraph at lines 60--64

 []

LaTeX Font Info:    External font `cmex10' loaded for size
(Font)              <10.95> on input line 103.
LaTeX Font Info:    External font `cmex10' loaded for size
(Font)              <8> on input line 103.
LaTeX Font Info:    External font `cmex10' loaded for size
(Font)              <6> on input line 103.
[1

{/var/lib/texmf/fonts/map/pdftex/updmap/pdftex.map}] [2]
Overfull \hbox (13.40741pt too wide) in paragraph at lines 205--209
[]\OT1/ptm/m/n/10.95 Compare the vis-i-ble ob-jects with the wire dec-la-ra-tio
n in the mod-ule []\OT1/pcr/m/n/10.95 mux421_structural_testbench
 []

[3]
Overfull \hbox (17.86604pt too wide) in paragraph at lines 263--267
[]\OT1/ptm/m/n/10.95 Simulate []\OT1/pcr/m/n/10.95 mux421_structural_testbench\
OT1/ptm/m/n/10.95 : Double-click on []\OT1/pcr/m/n/10.95 mux421_structural_test
bench
 []


Overfull \hbox (20.55803pt too wide) in paragraph at lines 263--267
\OT1/ptm/m/n/10.95 in the Li-brary pane to load this mod-ule for sim-u-la-tion.
 Right-click on []\OT1/pcr/m/n/10.95 mux421_structural_testbench
 []

LaTeX Font Info:    Try loading font information for OMS+ptm on input line 287.

(/usr/share/texmf/tex/latex/psnfss/omsptm.fd
File: omsptm.fd 
)
LaTeX Font Info:    Font shape `OMS/ptm/m/n' in size <10.95> not available
(Font)              Font shape `OMS/cmsy/m/n' tried instead on input line 287.
 [4]
LaTeX Font Info:    Font shape `OT1/ptm/bx/n' in size <10.95> not available
(Font)              Font shape `OT1/ptm/b/n' tried instead on input line 367.
 [5]
(./simulation_tutorial.aux) ) 
Here is how much of TeX's memory you used:
 334 strings out of 256216
 4012 string characters out of 1917071
 52804 words of memory out of 1500000
 3676 multiletter control sequences out of 10000+200000
 14944 words of font info for 37 fonts, out of 1200000 for 2000
 645 hyphenation exceptions out of 8191
 21i,5n,19p,162b,214s stack positions out of 5000i,500n,6000p,200000b,15000s
{/usr/share/texmf/fonts/enc/dvips/base/8r.enc}</us
r/share/texmf/fonts/type1/bluesky/cm/cmmi10.pfb></usr/share/texmf/fonts/type1/b
luesky/cm/cmr10.pfb></usr/share/texmf/fonts/type1/bluesky/cm/cmsy10.pfb></usr/s
hare/texmf/fonts/type1/urw/courier/ucrr8a.pfb></usr/share/texmf/fonts/type1/urw
/times/utmb8a.pfb></usr/share/texmf/fonts/type1/urw/times/utmr8a.pfb></usr/shar
e/texmf/fonts/type1/urw/times/utmri8a.pfb>
Output written on simulation_tutorial.pdf (5 pages, 80742 bytes).
PDF statistics:
 47 PDF objects out of 1000 (max. 8388607)
 0 named destinations out of 1000 (max. 131072)
 1 words of extra memory for PDF output out of 10000 (max. 10000000)

